[Tue Mar 03 17:12:53 MST 2020] - INFO passoff.ServerTest: 	Setting up Persistence Test...
[Tue Mar 03 17:12:53 MST 2020] - INFO client.Proxy: 	Clear called
[Tue Mar 03 17:12:53 MST 2020] - INFO client.Client: 	Post without Request Body called
[Tue Mar 03 17:12:53 MST 2020] - INFO client.Client: 	Attempting to open connection to server
[Tue Mar 03 17:12:53 MST 2020] - INFO client.Client: 	Connection opened to server
[Tue Mar 03 17:12:53 MST 2020] - INFO client.Client: 	Setting request method to POST
[Tue Mar 03 17:12:53 MST 2020] - INFO client.Client: 	Request method set to POST
[Tue Mar 03 17:12:53 MST 2020] - INFO client.Client: 	Setting Do Output to true
[Tue Mar 03 17:12:53 MST 2020] - INFO client.Client: 	Do Output set to true
[Tue Mar 03 17:12:53 MST 2020] - INFO client.Client: 	Connecting to server
[Tue Mar 03 17:12:55 MST 2020] - INFO passoff.ServerTest: 	Setting up File Handler Default Test...
[Tue Mar 03 17:12:55 MST 2020] - INFO client.Proxy: 	Clear called
[Tue Mar 03 17:12:55 MST 2020] - INFO client.Client: 	Post without Request Body called
[Tue Mar 03 17:12:55 MST 2020] - INFO client.Client: 	Attempting to open connection to server
[Tue Mar 03 17:12:55 MST 2020] - INFO client.Client: 	Connection opened to server
[Tue Mar 03 17:12:55 MST 2020] - INFO client.Client: 	Setting request method to POST
[Tue Mar 03 17:12:55 MST 2020] - INFO client.Client: 	Request method set to POST
[Tue Mar 03 17:12:55 MST 2020] - INFO client.Client: 	Setting Do Output to true
[Tue Mar 03 17:12:55 MST 2020] - INFO client.Client: 	Do Output set to true
[Tue Mar 03 17:12:55 MST 2020] - INFO client.Client: 	Connecting to server
[Tue Mar 03 17:12:57 MST 2020] - INFO passoff.ServerTest: 	Setting up Realistic Fill Death Test...
[Tue Mar 03 17:12:57 MST 2020] - INFO client.Proxy: 	Clear called
[Tue Mar 03 17:12:57 MST 2020] - INFO client.Client: 	Post without Request Body called
[Tue Mar 03 17:12:57 MST 2020] - INFO client.Client: 	Attempting to open connection to server
[Tue Mar 03 17:12:57 MST 2020] - INFO client.Client: 	Connection opened to server
[Tue Mar 03 17:12:57 MST 2020] - INFO client.Client: 	Setting request method to POST
[Tue Mar 03 17:12:57 MST 2020] - INFO client.Client: 	Request method set to POST
[Tue Mar 03 17:12:57 MST 2020] - INFO client.Client: 	Setting Do Output to true
[Tue Mar 03 17:12:57 MST 2020] - INFO client.Client: 	Do Output set to true
[Tue Mar 03 17:12:57 MST 2020] - INFO client.Client: 	Connecting to server
[Tue Mar 03 17:12:59 MST 2020] - INFO passoff.ServerTest: 	Setting up Login Invalid User Test...
[Tue Mar 03 17:12:59 MST 2020] - INFO client.Proxy: 	Clear called
[Tue Mar 03 17:12:59 MST 2020] - INFO client.Client: 	Post without Request Body called
[Tue Mar 03 17:12:59 MST 2020] - INFO client.Client: 	Attempting to open connection to server
[Tue Mar 03 17:12:59 MST 2020] - INFO client.Client: 	Connection opened to server
[Tue Mar 03 17:12:59 MST 2020] - INFO client.Client: 	Setting request method to POST
[Tue Mar 03 17:12:59 MST 2020] - INFO client.Client: 	Request method set to POST
[Tue Mar 03 17:12:59 MST 2020] - INFO client.Client: 	Setting Do Output to true
[Tue Mar 03 17:12:59 MST 2020] - INFO client.Client: 	Do Output set to true
[Tue Mar 03 17:12:59 MST 2020] - INFO client.Client: 	Connecting to server
[Tue Mar 03 17:13:01 MST 2020] - INFO passoff.ServerTest: 	Setting up Load Valid Info Test...
[Tue Mar 03 17:13:01 MST 2020] - INFO client.Proxy: 	Clear called
[Tue Mar 03 17:13:01 MST 2020] - INFO client.Client: 	Post without Request Body called
[Tue Mar 03 17:13:01 MST 2020] - INFO client.Client: 	Attempting to open connection to server
[Tue Mar 03 17:13:01 MST 2020] - INFO client.Client: 	Connection opened to server
[Tue Mar 03 17:13:01 MST 2020] - INFO client.Client: 	Setting request method to POST
[Tue Mar 03 17:13:01 MST 2020] - INFO client.Client: 	Request method set to POST
[Tue Mar 03 17:13:01 MST 2020] - INFO client.Client: 	Setting Do Output to true
[Tue Mar 03 17:13:01 MST 2020] - INFO client.Client: 	Do Output set to true
[Tue Mar 03 17:13:01 MST 2020] - INFO client.Client: 	Connecting to server
[Tue Mar 03 17:13:03 MST 2020] - INFO passoff.ServerTest: 	Setting up Valid Fill Relationships Test...
[Tue Mar 03 17:13:03 MST 2020] - INFO client.Proxy: 	Clear called
[Tue Mar 03 17:13:03 MST 2020] - INFO client.Client: 	Post without Request Body called
[Tue Mar 03 17:13:03 MST 2020] - INFO client.Client: 	Attempting to open connection to server
[Tue Mar 03 17:13:03 MST 2020] - INFO client.Client: 	Connection opened to server
[Tue Mar 03 17:13:03 MST 2020] - INFO client.Client: 	Setting request method to POST
[Tue Mar 03 17:13:03 MST 2020] - INFO client.Client: 	Request method set to POST
[Tue Mar 03 17:13:03 MST 2020] - INFO client.Client: 	Setting Do Output to true
[Tue Mar 03 17:13:03 MST 2020] - INFO client.Client: 	Do Output set to true
[Tue Mar 03 17:13:03 MST 2020] - INFO client.Client: 	Connecting to server
[Tue Mar 03 17:13:05 MST 2020] - INFO passoff.ServerTest: 	Setting up Events Bad Auth Token Test...
[Tue Mar 03 17:13:05 MST 2020] - INFO client.Proxy: 	Clear called
[Tue Mar 03 17:13:05 MST 2020] - INFO client.Client: 	Post without Request Body called
[Tue Mar 03 17:13:05 MST 2020] - INFO client.Client: 	Attempting to open connection to server
[Tue Mar 03 17:13:05 MST 2020] - INFO client.Client: 	Connection opened to server
[Tue Mar 03 17:13:05 MST 2020] - INFO client.Client: 	Setting request method to POST
[Tue Mar 03 17:13:05 MST 2020] - INFO client.Client: 	Request method set to POST
[Tue Mar 03 17:13:05 MST 2020] - INFO client.Client: 	Setting Do Output to true
[Tue Mar 03 17:13:05 MST 2020] - INFO client.Client: 	Do Output set to true
[Tue Mar 03 17:13:05 MST 2020] - INFO client.Client: 	Connecting to server
[Tue Mar 03 17:13:07 MST 2020] - INFO passoff.ServerTest: 	Setting up Clear Test...
[Tue Mar 03 17:13:07 MST 2020] - INFO client.Proxy: 	Clear called
[Tue Mar 03 17:13:07 MST 2020] - INFO client.Client: 	Post without Request Body called
[Tue Mar 03 17:13:07 MST 2020] - INFO client.Client: 	Attempting to open connection to server
[Tue Mar 03 17:13:07 MST 2020] - INFO client.Client: 	Connection opened to server
[Tue Mar 03 17:13:07 MST 2020] - INFO client.Client: 	Setting request method to POST
[Tue Mar 03 17:13:07 MST 2020] - INFO client.Client: 	Request method set to POST
[Tue Mar 03 17:13:07 MST 2020] - INFO client.Client: 	Setting Do Output to true
[Tue Mar 03 17:13:07 MST 2020] - INFO client.Client: 	Do Output set to true
[Tue Mar 03 17:13:07 MST 2020] - INFO client.Client: 	Connecting to server
[Tue Mar 03 17:13:09 MST 2020] - INFO passoff.ServerTest: 	Setting up Event Bad Auth Token Test...
[Tue Mar 03 17:13:09 MST 2020] - INFO client.Proxy: 	Clear called
[Tue Mar 03 17:13:09 MST 2020] - INFO client.Client: 	Post without Request Body called
[Tue Mar 03 17:13:09 MST 2020] - INFO client.Client: 	Attempting to open connection to server
[Tue Mar 03 17:13:09 MST 2020] - INFO client.Client: 	Connection opened to server
[Tue Mar 03 17:13:09 MST 2020] - INFO client.Client: 	Setting request method to POST
[Tue Mar 03 17:13:09 MST 2020] - INFO client.Client: 	Request method set to POST
[Tue Mar 03 17:13:09 MST 2020] - INFO client.Client: 	Setting Do Output to true
[Tue Mar 03 17:13:09 MST 2020] - INFO client.Client: 	Do Output set to true
[Tue Mar 03 17:13:09 MST 2020] - INFO client.Client: 	Connecting to server
[Tue Mar 03 17:13:11 MST 2020] - INFO passoff.ServerTest: 	Setting up Realistic Fill Marriage Test...
[Tue Mar 03 17:13:11 MST 2020] - INFO client.Proxy: 	Clear called
[Tue Mar 03 17:13:11 MST 2020] - INFO client.Client: 	Post without Request Body called
[Tue Mar 03 17:13:11 MST 2020] - INFO client.Client: 	Attempting to open connection to server
[Tue Mar 03 17:13:11 MST 2020] - INFO client.Client: 	Connection opened to server
[Tue Mar 03 17:13:11 MST 2020] - INFO client.Client: 	Setting request method to POST
[Tue Mar 03 17:13:11 MST 2020] - INFO client.Client: 	Request method set to POST
[Tue Mar 03 17:13:11 MST 2020] - INFO client.Client: 	Setting Do Output to true
[Tue Mar 03 17:13:11 MST 2020] - INFO client.Client: 	Do Output set to true
[Tue Mar 03 17:13:11 MST 2020] - INFO client.Client: 	Connecting to server
[Tue Mar 03 17:13:13 MST 2020] - INFO passoff.ServerTest: 	Setting up Person Wrong User Test...
[Tue Mar 03 17:13:13 MST 2020] - INFO client.Proxy: 	Clear called
[Tue Mar 03 17:13:13 MST 2020] - INFO client.Client: 	Post without Request Body called
[Tue Mar 03 17:13:13 MST 2020] - INFO client.Client: 	Attempting to open connection to server
[Tue Mar 03 17:13:13 MST 2020] - INFO client.Client: 	Connection opened to server
[Tue Mar 03 17:13:13 MST 2020] - INFO client.Client: 	Setting request method to POST
[Tue Mar 03 17:13:13 MST 2020] - INFO client.Client: 	Request method set to POST
[Tue Mar 03 17:13:13 MST 2020] - INFO client.Client: 	Setting Do Output to true
[Tue Mar 03 17:13:13 MST 2020] - INFO client.Client: 	Do Output set to true
[Tue Mar 03 17:13:13 MST 2020] - INFO client.Client: 	Connecting to server
[Tue Mar 03 17:13:15 MST 2020] - INFO passoff.ServerTest: 	Setting up Person Bad Auth Token Test...
[Tue Mar 03 17:13:15 MST 2020] - INFO client.Proxy: 	Clear called
[Tue Mar 03 17:13:15 MST 2020] - INFO client.Client: 	Post without Request Body called
[Tue Mar 03 17:13:15 MST 2020] - INFO client.Client: 	Attempting to open connection to server
[Tue Mar 03 17:13:15 MST 2020] - INFO client.Client: 	Connection opened to server
[Tue Mar 03 17:13:15 MST 2020] - INFO client.Client: 	Setting request method to POST
[Tue Mar 03 17:13:15 MST 2020] - INFO client.Client: 	Request method set to POST
[Tue Mar 03 17:13:15 MST 2020] - INFO client.Client: 	Setting Do Output to true
[Tue Mar 03 17:13:15 MST 2020] - INFO client.Client: 	Do Output set to true
[Tue Mar 03 17:13:15 MST 2020] - INFO client.Client: 	Connecting to server
[Tue Mar 03 17:13:17 MST 2020] - INFO passoff.ServerTest: 	Setting up Event Valid Test...
[Tue Mar 03 17:13:17 MST 2020] - INFO client.Proxy: 	Clear called
[Tue Mar 03 17:13:17 MST 2020] - INFO client.Client: 	Post without Request Body called
[Tue Mar 03 17:13:17 MST 2020] - INFO client.Client: 	Attempting to open connection to server
[Tue Mar 03 17:13:17 MST 2020] - INFO client.Client: 	Connection opened to server
[Tue Mar 03 17:13:17 MST 2020] - INFO client.Client: 	Setting request method to POST
[Tue Mar 03 17:13:17 MST 2020] - INFO client.Client: 	Request method set to POST
[Tue Mar 03 17:13:17 MST 2020] - INFO client.Client: 	Setting Do Output to true
[Tue Mar 03 17:13:17 MST 2020] - INFO client.Client: 	Do Output set to true
[Tue Mar 03 17:13:17 MST 2020] - INFO client.Client: 	Connecting to server
[Tue Mar 03 17:13:19 MST 2020] - INFO passoff.ServerTest: 	Setting up Fill 2 Valid Test...
[Tue Mar 03 17:13:19 MST 2020] - INFO client.Proxy: 	Clear called
[Tue Mar 03 17:13:19 MST 2020] - INFO client.Client: 	Post without Request Body called
[Tue Mar 03 17:13:19 MST 2020] - INFO client.Client: 	Attempting to open connection to server
[Tue Mar 03 17:13:19 MST 2020] - INFO client.Client: 	Connection opened to server
[Tue Mar 03 17:13:19 MST 2020] - INFO client.Client: 	Setting request method to POST
[Tue Mar 03 17:13:19 MST 2020] - INFO client.Client: 	Request method set to POST
[Tue Mar 03 17:13:19 MST 2020] - INFO client.Client: 	Setting Do Output to true
[Tue Mar 03 17:13:19 MST 2020] - INFO client.Client: 	Do Output set to true
[Tue Mar 03 17:13:19 MST 2020] - INFO client.Client: 	Connecting to server
[Tue Mar 03 17:13:21 MST 2020] - INFO passoff.ServerTest: 	Setting up Fill 4 Valid Test...
[Tue Mar 03 17:13:21 MST 2020] - INFO client.Proxy: 	Clear called
[Tue Mar 03 17:13:21 MST 2020] - INFO client.Client: 	Post without Request Body called
[Tue Mar 03 17:13:21 MST 2020] - INFO client.Client: 	Attempting to open connection to server
[Tue Mar 03 17:13:21 MST 2020] - INFO client.Client: 	Connection opened to server
[Tue Mar 03 17:13:21 MST 2020] - INFO client.Client: 	Setting request method to POST
[Tue Mar 03 17:13:21 MST 2020] - INFO client.Client: 	Request method set to POST
[Tue Mar 03 17:13:21 MST 2020] - INFO client.Client: 	Setting Do Output to true
[Tue Mar 03 17:13:21 MST 2020] - INFO client.Client: 	Do Output set to true
[Tue Mar 03 17:13:21 MST 2020] - INFO client.Client: 	Connecting to server
[Tue Mar 03 17:13:23 MST 2020] - INFO passoff.ServerTest: 	Setting up Fill 5 Valid Test...
[Tue Mar 03 17:13:23 MST 2020] - INFO client.Proxy: 	Clear called
[Tue Mar 03 17:13:23 MST 2020] - INFO client.Client: 	Post without Request Body called
[Tue Mar 03 17:13:23 MST 2020] - INFO client.Client: 	Attempting to open connection to server
[Tue Mar 03 17:13:23 MST 2020] - INFO client.Client: 	Connection opened to server
[Tue Mar 03 17:13:23 MST 2020] - INFO client.Client: 	Setting request method to POST
[Tue Mar 03 17:13:23 MST 2020] - INFO client.Client: 	Request method set to POST
[Tue Mar 03 17:13:23 MST 2020] - INFO client.Client: 	Setting Do Output to true
[Tue Mar 03 17:13:23 MST 2020] - INFO client.Client: 	Do Output set to true
[Tue Mar 03 17:13:23 MST 2020] - INFO client.Client: 	Connecting to server
